

================================================================
== Vitis HLS Report for 'egress_1'
================================================================
* Date:           Fri Apr  1 01:11:28 2022

* Version:        2021.2 (Build 3367213 on Tue Oct 19 02:47:39 MDT 2021)
* Project:        hash_controller
* Solution:       solution1 (Vivado IP Flow Target)
* Product family: virtexuplus
* Target device:  xcvu35p-fsvh2892-2L-e


================================================================
== Performance Estimates
================================================================
+ Timing: 
    * Summary: 
    +--------+---------+----------+------------+
    |  Clock |  Target | Estimated| Uncertainty|
    +--------+---------+----------+------------+
    |ap_clk  |  2.22 ns|  1.621 ns|     0.60 ns|
    +--------+---------+----------+------------+

+ Latency: 
    * Summary: 
    +----------+----------+-----------+-----------+----------+----------+---------+
    |   Latency (cycles)  |   Latency (absolute)  |       Interval      | Pipeline|
    |    min   |    max   |    min    |    max    |    min   |    max   |   Type  |
    +----------+----------+-----------+-----------+----------+----------+---------+
    |  67108872|  67108872|  0.149 sec|  0.149 sec|  67108872|  67108872|       no|
    +----------+----------+-----------+-----------+----------+----------+---------+

    + Detail: 
        * Instance: 
        N/A

        * Loop: 
        +-------------------+----------+----------+----------+-----------+-----------+----------+----------+
        |                   |   Latency (cycles)  | Iteration|  Initiation Interval  |   Trip   |          |
        |     Loop Name     |    min   |    max   |  Latency |  achieved |   target  |   Count  | Pipelined|
        +-------------------+----------+----------+----------+-----------+-----------+----------+----------+
        |- VITIS_LOOP_29_1  |  67108870|  67108870|         9|          2|          2|  33554432|       yes|
        +-------------------+----------+----------+----------+-----------+-----------+----------+----------+

============================================================
+ Verbose Summary: Synthesis Manager
============================================================
InlineROM: 1
ExposeGlobal: 0
============================================================
+ Verbose Summary: CDFG Model
============================================================
IsTopModel: 0
ResetActiveHigh: 1
IsCombinational: 2
IsDatapathOnly: 0
HasWiredReturn: 1
HasMFsm: 2
HasVarLatency: 1
IsPipeline: 0
IsRtlPipelined: 0
IsInstanceOverlapped: 0
IsDontTouch: 0
HasImplIP: 0
IsGatedGlobalClock: 0

+ Individual pipeline summary: 
  * Pipeline-0: initiation interval (II) = 2, depth = 9


============================================================
+ Verbose Summary: Schedule
============================================================
* Number of FSM states : 9
* Pipeline : 1
  Pipeline-0 : II = 2, D = 9, States = { 1 2 3 4 5 6 7 8 9 }
* Dataflow Pipeline: 0

* FSM state transitions: 
1 --> 2 
2 --> 3 
3 --> 4 
4 --> 5 
5 --> 6 
6 --> 7 
7 --> 8 
8 --> 9 
9 --> 

* FSM state operations: 

State 1 <SV = 0> <Delay = 1.23>
ST_1 : Operation 12 [1/1] (0.00ns)   --->   "%i = alloca i32 1"   --->   Operation 12 'alloca' 'i' <Predicate = true> <Delay = 0.00>
ST_1 : Operation 13 [1/1] (0.00ns)   --->   "%specinterface_ln0 = specinterface void @_ssdm_op_SpecInterface, i256 %wr_1, void @empty_10, i32 0, i32 0, void @empty, i32 0, i32 0, void @empty_5, void @empty_1, void @empty, i32 16, i32 16, i32 16, i32 16, void @empty, void @empty"   --->   Operation 13 'specinterface' 'specinterface_ln0' <Predicate = true> <Delay = 0.00>
ST_1 : Operation 14 [1/1] (0.00ns)   --->   "%specinterface_ln0 = specinterface void @_ssdm_op_SpecInterface, i512 %egress_1_V_data_V, i64 %egress_1_V_keep_V, i64 %egress_1_V_strb_V, i1 %egress_1_V_last_V, i1 %egress_1_V_dest_V, void @empty_12, i32 0, i32 0, void @empty_13, i32 0, i32 0, void @empty, void @empty, void @empty, i32 0, i32 0, i32 0, i32 0, void @empty, void @empty"   --->   Operation 14 'specinterface' 'specinterface_ln0' <Predicate = true> <Delay = 0.00>
ST_1 : Operation 15 [1/1] (0.00ns)   --->   "%specinterface_ln0 = specinterface void @_ssdm_op_SpecInterface, i32 %golden_fifo_1, void @empty_12, i32 0, i32 0, void @empty_13, i32 0, i32 0, void @empty, void @empty, void @empty, i32 0, i32 0, i32 0, i32 0, void @empty, void @empty"   --->   Operation 15 'specinterface' 'specinterface_ln0' <Predicate = true> <Delay = 0.00>
ST_1 : Operation 16 [1/1] (0.00ns)   --->   "%target_read = read i512 @_ssdm_op_Read.ap_auto.i512, i512 %target"   --->   Operation 16 'read' 'target_read' <Predicate = true> <Delay = 0.00>
ST_1 : Operation 17 [1/1] (0.00ns)   --->   "%last_read = read i1 @_ssdm_op_Read.ap_auto.i1, i1 %last"   --->   Operation 17 'read' 'last_read' <Predicate = true> <Delay = 0.00>
ST_1 : Operation 18 [1/1] (0.00ns)   --->   "%gmem_read = read i64 @_ssdm_op_Read.ap_auto.i64, i64 %gmem"   --->   Operation 18 'read' 'gmem_read' <Predicate = true> <Delay = 0.00>
ST_1 : Operation 19 [1/1] (0.38ns)   --->   "%store_ln29 = store i26 0, i26 %i" [hash_controller/hash_controller.cpp:29]   --->   Operation 19 'store' 'store_ln29' <Predicate = true> <Delay = 0.38>
ST_1 : Operation 20 [1/1] (0.00ns)   --->   "%br_ln29 = br void" [hash_controller/hash_controller.cpp:29]   --->   Operation 20 'br' 'br_ln29' <Predicate = true> <Delay = 0.00>
ST_1 : Operation 21 [1/1] (0.00ns)   --->   "%i_3 = load i26 %i"   --->   Operation 21 'load' 'i_3' <Predicate = true> <Delay = 0.00>
ST_1 : Operation 22 [1/1] (0.79ns)   --->   "%icmp_ln29 = icmp_eq  i26 %i_3, i26 33554432" [hash_controller/hash_controller.cpp:29]   --->   Operation 22 'icmp' 'icmp_ln29' <Predicate = true> <Delay = 0.79> <CoreInst = "Cmp">   --->   Core 9 'Cmp' <Latency = 0> <II = 1> <Delay = 1.32> <FuncUnit> <Opcode : 'icmp'> <InPorts = 2> <OutPorts = 1>
ST_1 : Operation 23 [1/1] (0.00ns)   --->   "%empty = speclooptripcount i32 @_ssdm_op_SpecLoopTripCount, i64 33554432, i64 33554432, i64 33554432"   --->   Operation 23 'speclooptripcount' 'empty' <Predicate = true> <Delay = 0.00>
ST_1 : Operation 24 [1/1] (0.84ns)   --->   "%add_ln29 = add i26 %i_3, i26 1" [hash_controller/hash_controller.cpp:29]   --->   Operation 24 'add' 'add_ln29' <Predicate = true> <Delay = 0.84> <CoreInst = "Adder">   --->   Core 1 'Adder' <Latency = 0> <II = 1> <Delay = 1.14> <FuncUnit> <Opcode : 'add' 'sub'> <InPorts = 2> <OutPorts = 1>
ST_1 : Operation 25 [1/1] (0.00ns)   --->   "%br_ln29 = br i1 %icmp_ln29, void %.split, void" [hash_controller/hash_controller.cpp:29]   --->   Operation 25 'br' 'br_ln29' <Predicate = true> <Delay = 0.00>
ST_1 : Operation 26 [1/1] (0.00ns)   --->   "%trunc_ln293 = trunc i26 %i_3"   --->   Operation 26 'trunc' 'trunc_ln293' <Predicate = (!icmp_ln29)> <Delay = 0.00>
ST_1 : Operation 27 [1/1] (0.00ns)   --->   "%shl_ln = bitconcatenate i31 @_ssdm_op_BitConcatenate.i31.i25.i6, i25 %trunc_ln293, i6 0"   --->   Operation 27 'bitconcatenate' 'shl_ln' <Predicate = (!icmp_ln29)> <Delay = 0.00>
ST_1 : Operation 28 [1/1] (0.00ns)   --->   "%zext_ln293 = zext i31 %shl_ln"   --->   Operation 28 'zext' 'zext_ln293' <Predicate = (!icmp_ln29)> <Delay = 0.00>
ST_1 : Operation 29 [1/1] (1.14ns)   --->   "%add_ln293 = add i64 %zext_ln293, i64 %gmem_read"   --->   Operation 29 'add' 'add_ln293' <Predicate = (!icmp_ln29)> <Delay = 1.14> <CoreInst = "Adder">   --->   Core 1 'Adder' <Latency = 0> <II = 1> <Delay = 1.14> <FuncUnit> <Opcode : 'add' 'sub'> <InPorts = 2> <OutPorts = 1>
ST_1 : Operation 30 [1/1] (0.00ns)   --->   "%br_ln32 = br i1 %last_read, void, void" [hash_controller/hash_controller.cpp:32]   --->   Operation 30 'br' 'br_ln32' <Predicate = (!icmp_ln29)> <Delay = 0.00>
ST_1 : Operation 31 [1/1] (0.00ns)   --->   "%trunc_ln = partselect i59 @_ssdm_op_PartSelect.i59.i64.i32.i32, i64 %add_ln293, i32 5, i32 63" [hash_controller/hash_controller.cpp:35]   --->   Operation 31 'partselect' 'trunc_ln' <Predicate = (!icmp_ln29 & !last_read)> <Delay = 0.00>
ST_1 : Operation 32 [1/1] (0.00ns)   --->   "%br_ln0 = br void"   --->   Operation 32 'br' 'br_ln0' <Predicate = (!icmp_ln29 & last_read)> <Delay = 0.00>
ST_1 : Operation 33 [1/1] (0.38ns)   --->   "%store_ln29 = store i26 %add_ln29, i26 %i" [hash_controller/hash_controller.cpp:29]   --->   Operation 33 'store' 'store_ln29' <Predicate = (!icmp_ln29)> <Delay = 0.38>
ST_1 : Operation 34 [1/1] (0.00ns)   --->   "%br_ln0 = br void"   --->   Operation 34 'br' 'br_ln0' <Predicate = (!icmp_ln29)> <Delay = 0.00>

State 2 <SV = 1> <Delay = 1.62>
ST_2 : Operation 35 [1/1] (0.00ns)   --->   "%specpipeline_ln31 = specpipeline void @_ssdm_op_SpecPipeline, i32 2, i32 0, i32 0, i32 0, void @empty" [hash_controller/hash_controller.cpp:31]   --->   Operation 35 'specpipeline' 'specpipeline_ln31' <Predicate = (!icmp_ln29)> <Delay = 0.00>
ST_2 : Operation 36 [1/1] (0.00ns)   --->   "%specloopname_ln31 = specloopname void @_ssdm_op_SpecLoopName, void @empty_20" [hash_controller/hash_controller.cpp:31]   --->   Operation 36 'specloopname' 'specloopname_ln31' <Predicate = (!icmp_ln29)> <Delay = 0.00>
ST_2 : Operation 37 [1/1] (0.00ns)   --->   "%empty_33 = read i642 @_ssdm_op_Read.axis.volatile.i512P0A.i64P0A.i64P0A.i1P0A.i1P0A, i512 %egress_1_V_data_V, i64 %egress_1_V_keep_V, i64 %egress_1_V_strb_V, i1 %egress_1_V_last_V, i1 %egress_1_V_dest_V"   --->   Operation 37 'read' 'empty_33' <Predicate = (!icmp_ln29)> <Delay = 0.00> <CoreInst = "axis">   --->   Core 123 'axis' <Latency = 0> <II = 1> <Delay = 1.00> <Adapter> <Opcode : >
ST_2 : Operation 38 [1/1] (0.00ns)   --->   "%tmp_data_V = extractvalue i642 %empty_33"   --->   Operation 38 'extractvalue' 'tmp_data_V' <Predicate = (!icmp_ln29)> <Delay = 0.00>
ST_2 : Operation 39 [1/1] (0.00ns)   --->   "%sext_ln35 = sext i59 %trunc_ln" [hash_controller/hash_controller.cpp:35]   --->   Operation 39 'sext' 'sext_ln35' <Predicate = (!icmp_ln29 & !last_read)> <Delay = 0.00>
ST_2 : Operation 40 [1/1] (0.00ns)   --->   "%wr_1_addr = getelementptr i256 %wr_1, i64 %sext_ln35" [hash_controller/hash_controller.cpp:35]   --->   Operation 40 'getelementptr' 'wr_1_addr' <Predicate = (!icmp_ln29 & !last_read)> <Delay = 0.00>
ST_2 : Operation 41 [1/1] (1.62ns)   --->   "%empty_34 = writereq i1 @_ssdm_op_WriteReq.m_axi.p1i256, i256 %wr_1_addr, i32 2" [hash_controller/hash_controller.cpp:35]   --->   Operation 41 'writereq' 'empty_34' <Predicate = (!icmp_ln29 & !last_read)> <Delay = 1.62> <CoreInst = "m_axi">   --->   Core 121 'm_axi' <Latency = 5> <II = 1> <Delay = 1.00> <Adapter> <Opcode : 'read' 'write' 'readreq' 'writereq' 'writeresp'>
ST_2 : Operation 42 [1/1] (1.32ns)   --->   "%icmp_ln1072 = icmp_ult  i512 %tmp_data_V, i512 %target_read"   --->   Operation 42 'icmp' 'icmp_ln1072' <Predicate = (!icmp_ln29 & last_read)> <Delay = 1.32> <CoreInst = "Cmp">   --->   Core 9 'Cmp' <Latency = 0> <II = 1> <Delay = 1.32> <FuncUnit> <Opcode : 'icmp'> <InPorts = 2> <OutPorts = 1>
ST_2 : Operation 43 [1/1] (0.00ns)   --->   "%br_ln35 = br i1 %icmp_ln1072, void %._crit_edge, void" [hash_controller/hash_controller.cpp:35]   --->   Operation 43 'br' 'br_ln35' <Predicate = (!icmp_ln29 & last_read)> <Delay = 0.00>

State 3 <SV = 2> <Delay = 1.62>
ST_3 : Operation 44 [1/1] (0.00ns)   --->   "%trunc_ln674 = trunc i512 %tmp_data_V"   --->   Operation 44 'trunc' 'trunc_ln674' <Predicate = (!last_read)> <Delay = 0.00>
ST_3 : Operation 45 [1/1] (0.00ns)   --->   "%p_Result_s = partselect i256 @_ssdm_op_PartSelect.i256.i512.i32.i32, i512 %tmp_data_V, i32 256, i32 511"   --->   Operation 45 'partselect' 'p_Result_s' <Predicate = (!last_read)> <Delay = 0.00>
ST_3 : Operation 46 [1/1] (1.62ns)   --->   "%write_ln35 = write void @_ssdm_op_Write.m_axi.p1i256, i256 %wr_1_addr, i256 %trunc_ln674, i32 4294967295" [hash_controller/hash_controller.cpp:35]   --->   Operation 46 'write' 'write_ln35' <Predicate = (!last_read)> <Delay = 1.62> <CoreInst = "m_axi">   --->   Core 121 'm_axi' <Latency = 5> <II = 1> <Delay = 1.00> <Adapter> <Opcode : 'read' 'write' 'readreq' 'writereq' 'writeresp'>

State 4 <SV = 3> <Delay = 1.62>
ST_4 : Operation 47 [1/1] (1.62ns)   --->   "%write_ln35 = write void @_ssdm_op_Write.m_axi.p1i256, i256 %wr_1_addr, i256 %p_Result_s, i32 4294967295" [hash_controller/hash_controller.cpp:35]   --->   Operation 47 'write' 'write_ln35' <Predicate = (!last_read)> <Delay = 1.62> <CoreInst = "m_axi">   --->   Core 121 'm_axi' <Latency = 5> <II = 1> <Delay = 1.00> <Adapter> <Opcode : 'read' 'write' 'readreq' 'writereq' 'writeresp'>

State 5 <SV = 4> <Delay = 1.62>
ST_5 : Operation 48 [5/5] (1.62ns)   --->   "%empty_35 = writeresp i1 @_ssdm_op_WriteResp.m_axi.p1i256, i256 %wr_1_addr" [hash_controller/hash_controller.cpp:35]   --->   Operation 48 'writeresp' 'empty_35' <Predicate = (!last_read)> <Delay = 1.62> <CoreInst = "m_axi">   --->   Core 121 'm_axi' <Latency = 3> <II = 1> <Delay = 1.00> <Adapter> <Opcode : 'read' 'write' 'readreq' 'writereq' 'writeresp'>

State 6 <SV = 5> <Delay = 1.62>
ST_6 : Operation 49 [4/5] (1.62ns)   --->   "%empty_35 = writeresp i1 @_ssdm_op_WriteResp.m_axi.p1i256, i256 %wr_1_addr" [hash_controller/hash_controller.cpp:35]   --->   Operation 49 'writeresp' 'empty_35' <Predicate = (!last_read)> <Delay = 1.62> <CoreInst = "m_axi">   --->   Core 121 'm_axi' <Latency = 3> <II = 1> <Delay = 1.00> <Adapter> <Opcode : 'read' 'write' 'readreq' 'writereq' 'writeresp'>

State 7 <SV = 6> <Delay = 1.62>
ST_7 : Operation 50 [3/5] (1.62ns)   --->   "%empty_35 = writeresp i1 @_ssdm_op_WriteResp.m_axi.p1i256, i256 %wr_1_addr" [hash_controller/hash_controller.cpp:35]   --->   Operation 50 'writeresp' 'empty_35' <Predicate = (!last_read)> <Delay = 1.62> <CoreInst = "m_axi">   --->   Core 121 'm_axi' <Latency = 3> <II = 1> <Delay = 1.00> <Adapter> <Opcode : 'read' 'write' 'readreq' 'writereq' 'writeresp'>
ST_7 : Operation 58 [1/1] (0.00ns)   --->   "%ret_ln39 = ret" [hash_controller/hash_controller.cpp:39]   --->   Operation 58 'ret' 'ret_ln39' <Predicate = (icmp_ln29)> <Delay = 0.00>

State 8 <SV = 7> <Delay = 1.62>
ST_8 : Operation 51 [2/5] (1.62ns)   --->   "%empty_35 = writeresp i1 @_ssdm_op_WriteResp.m_axi.p1i256, i256 %wr_1_addr" [hash_controller/hash_controller.cpp:35]   --->   Operation 51 'writeresp' 'empty_35' <Predicate = (!last_read)> <Delay = 1.62> <CoreInst = "m_axi">   --->   Core 121 'm_axi' <Latency = 3> <II = 1> <Delay = 1.00> <Adapter> <Opcode : 'read' 'write' 'readreq' 'writereq' 'writeresp'>
ST_8 : Operation 52 [1/1] (0.00ns)   --->   "%or_ln = bitconcatenate i26 @_ssdm_op_BitConcatenate.i26.i1.i25, i1 1, i25 %trunc_ln293" [/tools/Xilinx/Vitis_HLS/2021.2/common/technology/autopilot/hls_stream_39.h:173]   --->   Operation 52 'bitconcatenate' 'or_ln' <Predicate = (last_read & icmp_ln1072)> <Delay = 0.00>
ST_8 : Operation 53 [1/1] (0.00ns)   --->   "%zext_ln173 = zext i26 %or_ln" [/tools/Xilinx/Vitis_HLS/2021.2/common/technology/autopilot/hls_stream_39.h:173]   --->   Operation 53 'zext' 'zext_ln173' <Predicate = (last_read & icmp_ln1072)> <Delay = 0.00>
ST_8 : Operation 54 [1/1] (0.00ns)   --->   "%write_ln173 = write void @_ssdm_op_Write.axis.volatile.i32P128A, i32 %golden_fifo_1, i32 %zext_ln173" [/tools/Xilinx/Vitis_HLS/2021.2/common/technology/autopilot/hls_stream_39.h:173]   --->   Operation 54 'write' 'write_ln173' <Predicate = (last_read & icmp_ln1072)> <Delay = 0.00> <CoreInst = "axis">   --->   Core 123 'axis' <Latency = 0> <II = 1> <Delay = 1.00> <Adapter> <Opcode : >
ST_8 : Operation 55 [1/1] (0.00ns)   --->   "%br_ln37 = br void %._crit_edge" [hash_controller/hash_controller.cpp:37]   --->   Operation 55 'br' 'br_ln37' <Predicate = (last_read & icmp_ln1072)> <Delay = 0.00>

State 9 <SV = 8> <Delay = 1.62>
ST_9 : Operation 56 [1/5] (1.62ns)   --->   "%empty_35 = writeresp i1 @_ssdm_op_WriteResp.m_axi.p1i256, i256 %wr_1_addr" [hash_controller/hash_controller.cpp:35]   --->   Operation 56 'writeresp' 'empty_35' <Predicate = (!last_read)> <Delay = 1.62> <CoreInst = "m_axi">   --->   Core 121 'm_axi' <Latency = 3> <II = 1> <Delay = 1.00> <Adapter> <Opcode : 'read' 'write' 'readreq' 'writereq' 'writeresp'>
ST_9 : Operation 57 [1/1] (0.00ns)   --->   "%br_ln35 = br void" [hash_controller/hash_controller.cpp:35]   --->   Operation 57 'br' 'br_ln35' <Predicate = (!last_read)> <Delay = 0.00>


============================================================
+ Verbose Summary: Binding
============================================================
STG Binding: 
---------------- STG Properties BEGIN ----------------
- Is combinational: 0
- Is one-state seq: 0
- Is datapath-only: 0
- Is pipelined: 0
- Is top level: 0
Port [ Return ] is wired: 1; IO mode=ap_ctrl_hs:ce=0
Port [ wr_1]:  wired=1; compound=1; hidden=0; nouse=0; global=0; static=0; extern=0; dir=1; type=4; pingpong=0; private_global=0; IO mode=m_axi:ce=0
Port [ gmem]:  wired=1; compound=0; hidden=0; nouse=0; global=0; static=0; extern=0; dir=0; type=0; pingpong=0; private_global=0; IO mode=ap_none:ce=0
Port [ egress_1_V_data_V]:  wired=1; compound=1; hidden=0; nouse=0; global=0; static=0; extern=0; dir=0; type=0; pingpong=0; private_global=0; IO mode=axis:ce=0
Port [ egress_1_V_keep_V]:  wired=1; compound=1; hidden=0; nouse=0; global=0; static=0; extern=0; dir=0; type=0; pingpong=0; private_global=0; IO mode=axis:ce=0
Port [ egress_1_V_strb_V]:  wired=1; compound=1; hidden=0; nouse=0; global=0; static=0; extern=0; dir=0; type=0; pingpong=0; private_global=0; IO mode=axis:ce=0
Port [ egress_1_V_last_V]:  wired=1; compound=1; hidden=0; nouse=0; global=0; static=0; extern=0; dir=0; type=0; pingpong=0; private_global=0; IO mode=axis:ce=0
Port [ egress_1_V_dest_V]:  wired=1; compound=1; hidden=0; nouse=0; global=0; static=0; extern=0; dir=0; type=0; pingpong=0; private_global=0; IO mode=axis:ce=0
Port [ last]:  wired=1; compound=0; hidden=0; nouse=0; global=0; static=0; extern=0; dir=0; type=0; pingpong=0; private_global=0; IO mode=ap_none:ce=0
Port [ target]:  wired=1; compound=0; hidden=0; nouse=0; global=0; static=0; extern=0; dir=0; type=0; pingpong=0; private_global=0; IO mode=ap_none:ce=0
Port [ golden_fifo_1]:  wired=1; compound=1; hidden=0; nouse=0; global=0; static=0; extern=0; dir=1; type=0; pingpong=0; private_global=0; IO mode=axis:ce=0
---------------- STG Properties END ------------------

---------------- Datapath Model BEGIN ----------------

<LifeTime>
<method=bitvector/>
i                 (alloca           ) [ 0100000000]
specinterface_ln0 (specinterface    ) [ 0000000000]
specinterface_ln0 (specinterface    ) [ 0000000000]
specinterface_ln0 (specinterface    ) [ 0000000000]
target_read       (read             ) [ 0010000000]
last_read         (read             ) [ 0111111111]
gmem_read         (read             ) [ 0000000000]
store_ln29        (store            ) [ 0000000000]
br_ln29           (br               ) [ 0000000000]
i_3               (load             ) [ 0000000000]
icmp_ln29         (icmp             ) [ 0111111100]
empty             (speclooptripcount) [ 0000000000]
add_ln29          (add              ) [ 0000000000]
br_ln29           (br               ) [ 0000000000]
trunc_ln293       (trunc            ) [ 0111111110]
shl_ln            (bitconcatenate   ) [ 0000000000]
zext_ln293        (zext             ) [ 0000000000]
add_ln293         (add              ) [ 0000000000]
br_ln32           (br               ) [ 0000000000]
trunc_ln          (partselect       ) [ 0010000000]
br_ln0            (br               ) [ 0000000000]
store_ln29        (store            ) [ 0000000000]
br_ln0            (br               ) [ 0000000000]
specpipeline_ln31 (specpipeline     ) [ 0000000000]
specloopname_ln31 (specloopname     ) [ 0000000000]
empty_33          (read             ) [ 0000000000]
tmp_data_V        (extractvalue     ) [ 0101000000]
sext_ln35         (sext             ) [ 0000000000]
wr_1_addr         (getelementptr    ) [ 0111111111]
empty_34          (writereq         ) [ 0000000000]
icmp_ln1072       (icmp             ) [ 0111111110]
br_ln35           (br               ) [ 0000000000]
trunc_ln674       (trunc            ) [ 0000000000]
p_Result_s        (partselect       ) [ 0010100000]
write_ln35        (write            ) [ 0000000000]
write_ln35        (write            ) [ 0000000000]
or_ln             (bitconcatenate   ) [ 0000000000]
zext_ln173        (zext             ) [ 0000000000]
write_ln173       (write            ) [ 0000000000]
br_ln37           (br               ) [ 0000000000]
empty_35          (writeresp        ) [ 0000000000]
br_ln35           (br               ) [ 0000000000]
ret_ln39          (ret              ) [ 0000000000]
</LifeTime>

<model>

<comp_list>
<comp id="0" class="1000" name="wr_1">
<pin_list>
<pin id="1" dir="1" index="0" bw="1" slack="0"/>
</pin_list>
<bind>
<StgValue><ssdm name="wr_1"/></StgValue>
</bind>
</comp>

<comp id="2" class="1000" name="gmem">
<pin_list>
<pin id="3" dir="1" index="0" bw="1" slack="0"/>
</pin_list>
<bind>
<StgValue><ssdm name="gmem"/></StgValue>
</bind>
</comp>

<comp id="4" class="1000" name="egress_1_V_data_V">
<pin_list>
<pin id="5" dir="1" index="0" bw="1" slack="0"/>
</pin_list>
<bind>
<StgValue><ssdm name="egress_1_V_data_V"/></StgValue>
</bind>
</comp>

<comp id="6" class="1000" name="egress_1_V_keep_V">
<pin_list>
<pin id="7" dir="1" index="0" bw="1" slack="0"/>
</pin_list>
<bind>
<StgValue><ssdm name="egress_1_V_keep_V"/></StgValue>
</bind>
</comp>

<comp id="8" class="1000" name="egress_1_V_strb_V">
<pin_list>
<pin id="9" dir="1" index="0" bw="1" slack="0"/>
</pin_list>
<bind>
<StgValue><ssdm name="egress_1_V_strb_V"/></StgValue>
</bind>
</comp>

<comp id="10" class="1000" name="egress_1_V_last_V">
<pin_list>
<pin id="11" dir="1" index="0" bw="1" slack="0"/>
</pin_list>
<bind>
<StgValue><ssdm name="egress_1_V_last_V"/></StgValue>
</bind>
</comp>

<comp id="12" class="1000" name="egress_1_V_dest_V">
<pin_list>
<pin id="13" dir="1" index="0" bw="1" slack="0"/>
</pin_list>
<bind>
<StgValue><ssdm name="egress_1_V_dest_V"/></StgValue>
</bind>
</comp>

<comp id="14" class="1000" name="last">
<pin_list>
<pin id="15" dir="1" index="0" bw="1" slack="0"/>
</pin_list>
<bind>
<StgValue><ssdm name="last"/></StgValue>
</bind>
</comp>

<comp id="16" class="1000" name="target">
<pin_list>
<pin id="17" dir="1" index="0" bw="1" slack="0"/>
</pin_list>
<bind>
<StgValue><ssdm name="target"/></StgValue>
</bind>
</comp>

<comp id="18" class="1000" name="golden_fifo_1">
<pin_list>
<pin id="19" dir="1" index="0" bw="1" slack="0"/>
</pin_list>
<bind>
<StgValue><ssdm name="golden_fifo_1"/></StgValue>
</bind>
</comp>

<comp id="20" class="1001" name="const_20">
<pin_list>
<pin id="21" dir="1" index="0" bw="1" slack="0"/>
</pin_list>
<bind>
<StgValue><ssdm name=""/></StgValue>
</bind>
</comp>

<comp id="22" class="1001" name="const_22">
<pin_list>
<pin id="23" dir="1" index="0" bw="1" slack="2147483647"/>
</pin_list>
<bind>
<StgValue><ssdm name="_ssdm_op_SpecInterface"/></StgValue>
</bind>
</comp>

<comp id="24" class="1001" name="const_24">
<pin_list>
<pin id="25" dir="1" index="0" bw="1" slack="2147483647"/>
</pin_list>
<bind>
<StgValue><ssdm name="empty_10"/></StgValue>
</bind>
</comp>

<comp id="26" class="1001" name="const_26">
<pin_list>
<pin id="27" dir="1" index="0" bw="1" slack="2147483647"/>
</pin_list>
<bind>
<StgValue><ssdm name=""/></StgValue>
</bind>
</comp>

<comp id="28" class="1001" name="const_28">
<pin_list>
<pin id="29" dir="1" index="0" bw="1" slack="2147483647"/>
</pin_list>
<bind>
<StgValue><ssdm name="empty"/></StgValue>
</bind>
</comp>

<comp id="30" class="1001" name="const_30">
<pin_list>
<pin id="31" dir="1" index="0" bw="1" slack="2147483647"/>
</pin_list>
<bind>
<StgValue><ssdm name="empty_5"/></StgValue>
</bind>
</comp>

<comp id="32" class="1001" name="const_32">
<pin_list>
<pin id="33" dir="1" index="0" bw="1" slack="2147483647"/>
</pin_list>
<bind>
<StgValue><ssdm name="empty_1"/></StgValue>
</bind>
</comp>

<comp id="34" class="1001" name="const_34">
<pin_list>
<pin id="35" dir="1" index="0" bw="1" slack="2147483647"/>
</pin_list>
<bind>
<StgValue><ssdm name=""/></StgValue>
</bind>
</comp>

<comp id="36" class="1001" name="const_36">
<pin_list>
<pin id="37" dir="1" index="0" bw="1" slack="2147483647"/>
</pin_list>
<bind>
<StgValue><ssdm name="empty_12"/></StgValue>
</bind>
</comp>

<comp id="38" class="1001" name="const_38">
<pin_list>
<pin id="39" dir="1" index="0" bw="1" slack="2147483647"/>
</pin_list>
<bind>
<StgValue><ssdm name="empty_13"/></StgValue>
</bind>
</comp>

<comp id="40" class="1001" name="const_40">
<pin_list>
<pin id="41" dir="1" index="0" bw="1" slack="0"/>
</pin_list>
<bind>
<StgValue><ssdm name="_ssdm_op_Read.ap_auto.i512"/></StgValue>
</bind>
</comp>

<comp id="42" class="1001" name="const_42">
<pin_list>
<pin id="43" dir="1" index="0" bw="1" slack="0"/>
</pin_list>
<bind>
<StgValue><ssdm name="_ssdm_op_Read.ap_auto.i1"/></StgValue>
</bind>
</comp>

<comp id="44" class="1001" name="const_44">
<pin_list>
<pin id="45" dir="1" index="0" bw="1" slack="0"/>
</pin_list>
<bind>
<StgValue><ssdm name="_ssdm_op_Read.ap_auto.i64"/></StgValue>
</bind>
</comp>

<comp id="46" class="1001" name="const_46">
<pin_list>
<pin id="47" dir="1" index="0" bw="1" slack="0"/>
</pin_list>
<bind>
<StgValue><ssdm name=""/></StgValue>
</bind>
</comp>

<comp id="48" class="1001" name="const_48">
<pin_list>
<pin id="49" dir="1" index="0" bw="1" slack="0"/>
</pin_list>
<bind>
<StgValue><ssdm name=""/></StgValue>
</bind>
</comp>

<comp id="50" class="1001" name="const_50">
<pin_list>
<pin id="51" dir="1" index="0" bw="1" slack="2147483647"/>
</pin_list>
<bind>
<StgValue><ssdm name="_ssdm_op_SpecLoopTripCount"/></StgValue>
</bind>
</comp>

<comp id="52" class="1001" name="const_52">
<pin_list>
<pin id="53" dir="1" index="0" bw="1" slack="2147483647"/>
</pin_list>
<bind>
<StgValue><ssdm name=""/></StgValue>
</bind>
</comp>

<comp id="54" class="1001" name="const_54">
<pin_list>
<pin id="55" dir="1" index="0" bw="1" slack="0"/>
</pin_list>
<bind>
<StgValue><ssdm name=""/></StgValue>
</bind>
</comp>

<comp id="56" class="1001" name="const_56">
<pin_list>
<pin id="57" dir="1" index="0" bw="1" slack="0"/>
</pin_list>
<bind>
<StgValue><ssdm name="_ssdm_op_BitConcatenate.i31.i25.i6"/></StgValue>
</bind>
</comp>

<comp id="58" class="1001" name="const_58">
<pin_list>
<pin id="59" dir="1" index="0" bw="1" slack="0"/>
</pin_list>
<bind>
<StgValue><ssdm name=""/></StgValue>
</bind>
</comp>

<comp id="60" class="1001" name="const_60">
<pin_list>
<pin id="61" dir="1" index="0" bw="1" slack="0"/>
</pin_list>
<bind>
<StgValue><ssdm name="_ssdm_op_PartSelect.i59.i64.i32.i32"/></StgValue>
</bind>
</comp>

<comp id="62" class="1001" name="const_62">
<pin_list>
<pin id="63" dir="1" index="0" bw="1" slack="0"/>
</pin_list>
<bind>
<StgValue><ssdm name=""/></StgValue>
</bind>
</comp>

<comp id="64" class="1001" name="const_64">
<pin_list>
<pin id="65" dir="1" index="0" bw="1" slack="0"/>
</pin_list>
<bind>
<StgValue><ssdm name=""/></StgValue>
</bind>
</comp>

<comp id="66" class="1001" name="const_66">
<pin_list>
<pin id="67" dir="1" index="0" bw="1" slack="2147483647"/>
</pin_list>
<bind>
<StgValue><ssdm name="_ssdm_op_SpecPipeline"/></StgValue>
</bind>
</comp>

<comp id="68" class="1001" name="const_68">
<pin_list>
<pin id="69" dir="1" index="0" bw="1" slack="0"/>
</pin_list>
<bind>
<StgValue><ssdm name=""/></StgValue>
</bind>
</comp>

<comp id="70" class="1001" name="const_70">
<pin_list>
<pin id="71" dir="1" index="0" bw="1" slack="2147483647"/>
</pin_list>
<bind>
<StgValue><ssdm name="_ssdm_op_SpecLoopName"/></StgValue>
</bind>
</comp>

<comp id="72" class="1001" name="const_72">
<pin_list>
<pin id="73" dir="1" index="0" bw="1" slack="2147483647"/>
</pin_list>
<bind>
<StgValue><ssdm name="empty_20"/></StgValue>
</bind>
</comp>

<comp id="74" class="1001" name="const_74">
<pin_list>
<pin id="75" dir="1" index="0" bw="1" slack="0"/>
</pin_list>
<bind>
<StgValue><ssdm name="_ssdm_op_Read.axis.volatile.i512P0A.i64P0A.i64P0A.i1P0A.i1P0A"/></StgValue>
</bind>
</comp>

<comp id="76" class="1001" name="const_76">
<pin_list>
<pin id="77" dir="1" index="0" bw="1" slack="0"/>
</pin_list>
<bind>
<StgValue><ssdm name="_ssdm_op_WriteReq.m_axi.p1i256"/></StgValue>
</bind>
</comp>

<comp id="78" class="1001" name="const_78">
<pin_list>
<pin id="79" dir="1" index="0" bw="1" slack="0"/>
</pin_list>
<bind>
<StgValue><ssdm name="_ssdm_op_PartSelect.i256.i512.i32.i32"/></StgValue>
</bind>
</comp>

<comp id="80" class="1001" name="const_80">
<pin_list>
<pin id="81" dir="1" index="0" bw="1" slack="0"/>
</pin_list>
<bind>
<StgValue><ssdm name=""/></StgValue>
</bind>
</comp>

<comp id="82" class="1001" name="const_82">
<pin_list>
<pin id="83" dir="1" index="0" bw="1" slack="0"/>
</pin_list>
<bind>
<StgValue><ssdm name=""/></StgValue>
</bind>
</comp>

<comp id="84" class="1001" name="const_84">
<pin_list>
<pin id="85" dir="1" index="0" bw="1" slack="0"/>
</pin_list>
<bind>
<StgValue><ssdm name="_ssdm_op_Write.m_axi.p1i256"/></StgValue>
</bind>
</comp>

<comp id="86" class="1001" name="const_86">
<pin_list>
<pin id="87" dir="1" index="0" bw="1" slack="0"/>
</pin_list>
<bind>
<StgValue><ssdm name=""/></StgValue>
</bind>
</comp>

<comp id="88" class="1001" name="const_88">
<pin_list>
<pin id="89" dir="1" index="0" bw="1" slack="0"/>
</pin_list>
<bind>
<StgValue><ssdm name="_ssdm_op_WriteResp.m_axi.p1i256"/></StgValue>
</bind>
</comp>

<comp id="90" class="1001" name="const_90">
<pin_list>
<pin id="91" dir="1" index="0" bw="1" slack="0"/>
</pin_list>
<bind>
<StgValue><ssdm name="_ssdm_op_BitConcatenate.i26.i1.i25"/></StgValue>
</bind>
</comp>

<comp id="92" class="1001" name="const_92">
<pin_list>
<pin id="93" dir="1" index="0" bw="1" slack="0"/>
</pin_list>
<bind>
<StgValue><ssdm name=""/></StgValue>
</bind>
</comp>

<comp id="94" class="1001" name="const_94">
<pin_list>
<pin id="95" dir="1" index="0" bw="1" slack="0"/>
</pin_list>
<bind>
<StgValue><ssdm name="_ssdm_op_Write.axis.volatile.i32P128A"/></StgValue>
</bind>
</comp>

<comp id="96" class="1004" name="i_fu_96">
<pin_list>
<pin id="97" dir="0" index="0" bw="1" slack="0"/>
<pin id="98" dir="1" index="1" bw="26" slack="0"/>
</pin_list>
<bind>
<opcode="alloca(26) " fcode="alloca"/>
<opset="i/1 "/>
</bind>
</comp>

<comp id="100" class="1004" name="target_read_read_fu_100">
<pin_list>
<pin id="101" dir="0" index="0" bw="512" slack="0"/>
<pin id="102" dir="0" index="1" bw="512" slack="0"/>
<pin id="103" dir="1" index="2" bw="512" slack="1"/>
</pin_list>
<bind>
<opcode="read(1150) " fcode="read"/>
<opset="target_read/1 "/>
</bind>
</comp>

<comp id="106" class="1004" name="last_read_read_fu_106">
<pin_list>
<pin id="107" dir="0" index="0" bw="1" slack="0"/>
<pin id="108" dir="0" index="1" bw="1" slack="0"/>
<pin id="109" dir="1" index="2" bw="1" slack="1"/>
</pin_list>
<bind>
<opcode="read(1150) " fcode="read"/>
<opset="last_read/1 "/>
</bind>
</comp>

<comp id="112" class="1004" name="gmem_read_read_fu_112">
<pin_list>
<pin id="113" dir="0" index="0" bw="64" slack="0"/>
<pin id="114" dir="0" index="1" bw="64" slack="0"/>
<pin id="115" dir="1" index="2" bw="64" slack="0"/>
</pin_list>
<bind>
<opcode="read(1150) " fcode="read"/>
<opset="gmem_read/1 "/>
</bind>
</comp>

<comp id="118" class="1004" name="empty_33_read_fu_118">
<pin_list>
<pin id="119" dir="0" index="0" bw="642" slack="0"/>
<pin id="120" dir="0" index="1" bw="512" slack="0"/>
<pin id="121" dir="0" index="2" bw="64" slack="0"/>
<pin id="122" dir="0" index="3" bw="64" slack="0"/>
<pin id="123" dir="0" index="4" bw="1" slack="0"/>
<pin id="124" dir="0" index="5" bw="1" slack="0"/>
<pin id="125" dir="1" index="6" bw="642" slack="0"/>
</pin_list>
<bind>
<opcode="read(1150) " fcode="read"/>
<opset="empty_33/2 "/>
</bind>
</comp>

<comp id="132" class="1004" name="grp_writeresp_fu_132">
<pin_list>
<pin id="133" dir="0" index="0" bw="1" slack="0"/>
<pin id="134" dir="0" index="1" bw="256" slack="0"/>
<pin id="135" dir="0" index="2" bw="3" slack="0"/>
<pin id="136" dir="1" index="3" bw="1" slack="2147483647"/>
</pin_list>
<bind>
<opcode="writereq(1155) writeresp(1158) " fcode="writeresp"/>
<opset="empty_34/2 empty_35/5 "/>
</bind>
</comp>

<comp id="139" class="1004" name="write_ln35_write_fu_139">
<pin_list>
<pin id="140" dir="0" index="0" bw="0" slack="0"/>
<pin id="141" dir="0" index="1" bw="256" slack="1"/>
<pin id="142" dir="0" index="2" bw="256" slack="0"/>
<pin id="143" dir="0" index="3" bw="1" slack="0"/>
<pin id="144" dir="1" index="4" bw="0" slack="2147483647"/>
</pin_list>
<bind>
<opcode="write(1151) " fcode="write"/>
<opset="write_ln35/3 "/>
</bind>
</comp>

<comp id="147" class="1004" name="write_ln35_write_fu_147">
<pin_list>
<pin id="148" dir="0" index="0" bw="0" slack="0"/>
<pin id="149" dir="0" index="1" bw="256" slack="2"/>
<pin id="150" dir="0" index="2" bw="256" slack="1"/>
<pin id="151" dir="0" index="3" bw="1" slack="0"/>
<pin id="152" dir="1" index="4" bw="0" slack="2147483647"/>
</pin_list>
<bind>
<opcode="write(1151) " fcode="write"/>
<opset="write_ln35/4 "/>
</bind>
</comp>

<comp id="156" class="1004" name="write_ln173_write_fu_156">
<pin_list>
<pin id="157" dir="0" index="0" bw="0" slack="0"/>
<pin id="158" dir="0" index="1" bw="32" slack="0"/>
<pin id="159" dir="0" index="2" bw="26" slack="0"/>
<pin id="160" dir="1" index="3" bw="0" slack="2147483647"/>
</pin_list>
<bind>
<opcode="write(1151) " fcode="write"/>
<opset="write_ln173/8 "/>
</bind>
</comp>

<comp id="163" class="1004" name="store_ln29_store_fu_163">
<pin_list>
<pin id="164" dir="0" index="0" bw="1" slack="0"/>
<pin id="165" dir="0" index="1" bw="26" slack="0"/>
<pin id="166" dir="1" index="2" bw="0" slack="2147483647"/>
</pin_list>
<bind>
<opcode="store(28) " fcode="store"/>
<opset="store_ln29/1 "/>
</bind>
</comp>

<comp id="168" class="1004" name="i_3_load_fu_168">
<pin_list>
<pin id="169" dir="0" index="0" bw="26" slack="0"/>
<pin id="170" dir="1" index="1" bw="26" slack="0"/>
</pin_list>
<bind>
<opcode="load(27) " fcode="load"/>
<opset="i_3/1 "/>
</bind>
</comp>

<comp id="171" class="1004" name="icmp_ln29_fu_171">
<pin_list>
<pin id="172" dir="0" index="0" bw="26" slack="0"/>
<pin id="173" dir="0" index="1" bw="26" slack="0"/>
<pin id="174" dir="1" index="2" bw="1" slack="1"/>
</pin_list>
<bind>
<opcode="icmp(45) " fcode="icmp"/>
<opset="icmp_ln29/1 "/>
</bind>
</comp>

<comp id="177" class="1004" name="add_ln29_fu_177">
<pin_list>
<pin id="178" dir="0" index="0" bw="26" slack="0"/>
<pin id="179" dir="0" index="1" bw="1" slack="0"/>
<pin id="180" dir="1" index="2" bw="26" slack="0"/>
</pin_list>
<bind>
<opcode="add(8) " fcode="add"/>
<opset="add_ln29/1 "/>
</bind>
</comp>

<comp id="183" class="1004" name="trunc_ln293_fu_183">
<pin_list>
<pin id="184" dir="0" index="0" bw="26" slack="0"/>
<pin id="185" dir="1" index="1" bw="25" slack="0"/>
</pin_list>
<bind>
<opcode="trunc(33) " fcode="trunc"/>
<opset="trunc_ln293/1 "/>
</bind>
</comp>

<comp id="187" class="1004" name="shl_ln_fu_187">
<pin_list>
<pin id="188" dir="0" index="0" bw="31" slack="0"/>
<pin id="189" dir="0" index="1" bw="25" slack="0"/>
<pin id="190" dir="0" index="2" bw="1" slack="0"/>
<pin id="191" dir="1" index="3" bw="31" slack="0"/>
</pin_list>
<bind>
<opcode="bitconcatenate(1004) " fcode="bitconcatenate"/>
<opset="shl_ln/1 "/>
</bind>
</comp>

<comp id="195" class="1004" name="zext_ln293_fu_195">
<pin_list>
<pin id="196" dir="0" index="0" bw="31" slack="0"/>
<pin id="197" dir="1" index="1" bw="64" slack="0"/>
</pin_list>
<bind>
<opcode="zext(34) " fcode="zext"/>
<opset="zext_ln293/1 "/>
</bind>
</comp>

<comp id="199" class="1004" name="add_ln293_fu_199">
<pin_list>
<pin id="200" dir="0" index="0" bw="31" slack="0"/>
<pin id="201" dir="0" index="1" bw="64" slack="0"/>
<pin id="202" dir="1" index="2" bw="64" slack="0"/>
</pin_list>
<bind>
<opcode="add(8) " fcode="add"/>
<opset="add_ln293/1 "/>
</bind>
</comp>

<comp id="205" class="1004" name="trunc_ln_fu_205">
<pin_list>
<pin id="206" dir="0" index="0" bw="59" slack="0"/>
<pin id="207" dir="0" index="1" bw="64" slack="0"/>
<pin id="208" dir="0" index="2" bw="4" slack="0"/>
<pin id="209" dir="0" index="3" bw="7" slack="0"/>
<pin id="210" dir="1" index="4" bw="59" slack="1"/>
</pin_list>
<bind>
<opcode="partselect(1002) " fcode="partselect"/>
<opset="trunc_ln/1 "/>
</bind>
</comp>

<comp id="215" class="1004" name="store_ln29_store_fu_215">
<pin_list>
<pin id="216" dir="0" index="0" bw="26" slack="0"/>
<pin id="217" dir="0" index="1" bw="26" slack="0"/>
<pin id="218" dir="1" index="2" bw="0" slack="2147483647"/>
</pin_list>
<bind>
<opcode="store(28) " fcode="store"/>
<opset="store_ln29/1 "/>
</bind>
</comp>

<comp id="220" class="1004" name="tmp_data_V_fu_220">
<pin_list>
<pin id="221" dir="0" index="0" bw="642" slack="0"/>
<pin id="222" dir="1" index="1" bw="512" slack="0"/>
</pin_list>
<bind>
<opcode="extractvalue(56) " fcode="extractvalue"/>
<opset="tmp_data_V/2 "/>
</bind>
</comp>

<comp id="224" class="1004" name="sext_ln35_fu_224">
<pin_list>
<pin id="225" dir="0" index="0" bw="59" slack="1"/>
<pin id="226" dir="1" index="1" bw="64" slack="0"/>
</pin_list>
<bind>
<opcode="sext(35) " fcode="sext"/>
<opset="sext_ln35/2 "/>
</bind>
</comp>

<comp id="227" class="1004" name="wr_1_addr_fu_227">
<pin_list>
<pin id="228" dir="0" index="0" bw="256" slack="0"/>
<pin id="229" dir="0" index="1" bw="59" slack="0"/>
<pin id="230" dir="1" index="2" bw="256" slack="0"/>
</pin_list>
<bind>
<opcode="getelementptr(29) " fcode="getelementptr"/>
<opset="wr_1_addr/2 "/>
</bind>
</comp>

<comp id="234" class="1004" name="icmp_ln1072_fu_234">
<pin_list>
<pin id="235" dir="0" index="0" bw="512" slack="0"/>
<pin id="236" dir="0" index="1" bw="512" slack="1"/>
<pin id="237" dir="1" index="2" bw="1" slack="6"/>
</pin_list>
<bind>
<opcode="icmp(45) " fcode="icmp"/>
<opset="icmp_ln1072/2 "/>
</bind>
</comp>

<comp id="239" class="1004" name="trunc_ln674_fu_239">
<pin_list>
<pin id="240" dir="0" index="0" bw="512" slack="1"/>
<pin id="241" dir="1" index="1" bw="256" slack="0"/>
</pin_list>
<bind>
<opcode="trunc(33) " fcode="trunc"/>
<opset="trunc_ln674/3 "/>
</bind>
</comp>

<comp id="243" class="1004" name="p_Result_s_fu_243">
<pin_list>
<pin id="244" dir="0" index="0" bw="256" slack="0"/>
<pin id="245" dir="0" index="1" bw="512" slack="1"/>
<pin id="246" dir="0" index="2" bw="10" slack="0"/>
<pin id="247" dir="0" index="3" bw="10" slack="0"/>
<pin id="248" dir="1" index="4" bw="256" slack="1"/>
</pin_list>
<bind>
<opcode="partselect(1002) " fcode="partselect"/>
<opset="p_Result_s/3 "/>
</bind>
</comp>

<comp id="252" class="1004" name="or_ln_fu_252">
<pin_list>
<pin id="253" dir="0" index="0" bw="26" slack="0"/>
<pin id="254" dir="0" index="1" bw="1" slack="0"/>
<pin id="255" dir="0" index="2" bw="25" slack="7"/>
<pin id="256" dir="1" index="3" bw="26" slack="0"/>
</pin_list>
<bind>
<opcode="bitconcatenate(1004) " fcode="bitconcatenate"/>
<opset="or_ln/8 "/>
</bind>
</comp>

<comp id="259" class="1004" name="zext_ln173_fu_259">
<pin_list>
<pin id="260" dir="0" index="0" bw="26" slack="0"/>
<pin id="261" dir="1" index="1" bw="32" slack="0"/>
</pin_list>
<bind>
<opcode="zext(34) " fcode="zext"/>
<opset="zext_ln173/8 "/>
</bind>
</comp>

<comp id="264" class="1005" name="i_reg_264">
<pin_list>
<pin id="265" dir="0" index="0" bw="26" slack="0"/>
<pin id="266" dir="1" index="1" bw="26" slack="0"/>
</pin_list>
<bind>
<opset="i "/>
</bind>
</comp>

<comp id="271" class="1005" name="target_read_reg_271">
<pin_list>
<pin id="272" dir="0" index="0" bw="512" slack="1"/>
<pin id="273" dir="1" index="1" bw="512" slack="1"/>
</pin_list>
<bind>
<opset="target_read "/>
</bind>
</comp>

<comp id="276" class="1005" name="last_read_reg_276">
<pin_list>
<pin id="277" dir="0" index="0" bw="1" slack="1"/>
<pin id="278" dir="1" index="1" bw="1" slack="2147483647"/>
</pin_list>
<bind>
<opset="last_read "/>
</bind>
</comp>

<comp id="280" class="1005" name="icmp_ln29_reg_280">
<pin_list>
<pin id="281" dir="0" index="0" bw="1" slack="1"/>
<pin id="282" dir="1" index="1" bw="1" slack="2147483647"/>
</pin_list>
<bind>
<opset="icmp_ln29 "/>
</bind>
</comp>

<comp id="284" class="1005" name="trunc_ln293_reg_284">
<pin_list>
<pin id="285" dir="0" index="0" bw="25" slack="7"/>
<pin id="286" dir="1" index="1" bw="25" slack="7"/>
</pin_list>
<bind>
<opset="trunc_ln293 "/>
</bind>
</comp>

<comp id="289" class="1005" name="trunc_ln_reg_289">
<pin_list>
<pin id="290" dir="0" index="0" bw="59" slack="1"/>
<pin id="291" dir="1" index="1" bw="59" slack="1"/>
</pin_list>
<bind>
<opset="trunc_ln "/>
</bind>
</comp>

<comp id="294" class="1005" name="tmp_data_V_reg_294">
<pin_list>
<pin id="295" dir="0" index="0" bw="512" slack="1"/>
<pin id="296" dir="1" index="1" bw="512" slack="1"/>
</pin_list>
<bind>
<opset="tmp_data_V "/>
</bind>
</comp>

<comp id="300" class="1005" name="wr_1_addr_reg_300">
<pin_list>
<pin id="301" dir="0" index="0" bw="256" slack="1"/>
<pin id="302" dir="1" index="1" bw="256" slack="1"/>
</pin_list>
<bind>
<opset="wr_1_addr "/>
</bind>
</comp>

<comp id="307" class="1005" name="icmp_ln1072_reg_307">
<pin_list>
<pin id="308" dir="0" index="0" bw="1" slack="6"/>
<pin id="309" dir="1" index="1" bw="1" slack="2147483647"/>
</pin_list>
<bind>
<opset="icmp_ln1072 "/>
</bind>
</comp>

<comp id="311" class="1005" name="p_Result_s_reg_311">
<pin_list>
<pin id="312" dir="0" index="0" bw="256" slack="1"/>
<pin id="313" dir="1" index="1" bw="256" slack="1"/>
</pin_list>
<bind>
<opset="p_Result_s "/>
</bind>
</comp>

</comp_list>

<net_list>
<net id="99"><net_src comp="20" pin="0"/><net_sink comp="96" pin=0"/></net>

<net id="104"><net_src comp="40" pin="0"/><net_sink comp="100" pin=0"/></net>

<net id="105"><net_src comp="16" pin="0"/><net_sink comp="100" pin=1"/></net>

<net id="110"><net_src comp="42" pin="0"/><net_sink comp="106" pin=0"/></net>

<net id="111"><net_src comp="14" pin="0"/><net_sink comp="106" pin=1"/></net>

<net id="116"><net_src comp="44" pin="0"/><net_sink comp="112" pin=0"/></net>

<net id="117"><net_src comp="2" pin="0"/><net_sink comp="112" pin=1"/></net>

<net id="126"><net_src comp="74" pin="0"/><net_sink comp="118" pin=0"/></net>

<net id="127"><net_src comp="4" pin="0"/><net_sink comp="118" pin=1"/></net>

<net id="128"><net_src comp="6" pin="0"/><net_sink comp="118" pin=2"/></net>

<net id="129"><net_src comp="8" pin="0"/><net_sink comp="118" pin=3"/></net>

<net id="130"><net_src comp="10" pin="0"/><net_sink comp="118" pin=4"/></net>

<net id="131"><net_src comp="12" pin="0"/><net_sink comp="118" pin=5"/></net>

<net id="137"><net_src comp="76" pin="0"/><net_sink comp="132" pin=0"/></net>

<net id="138"><net_src comp="68" pin="0"/><net_sink comp="132" pin=2"/></net>

<net id="145"><net_src comp="84" pin="0"/><net_sink comp="139" pin=0"/></net>

<net id="146"><net_src comp="86" pin="0"/><net_sink comp="139" pin=3"/></net>

<net id="153"><net_src comp="84" pin="0"/><net_sink comp="147" pin=0"/></net>

<net id="154"><net_src comp="86" pin="0"/><net_sink comp="147" pin=3"/></net>

<net id="155"><net_src comp="88" pin="0"/><net_sink comp="132" pin=0"/></net>

<net id="161"><net_src comp="94" pin="0"/><net_sink comp="156" pin=0"/></net>

<net id="162"><net_src comp="18" pin="0"/><net_sink comp="156" pin=1"/></net>

<net id="167"><net_src comp="46" pin="0"/><net_sink comp="163" pin=0"/></net>

<net id="175"><net_src comp="168" pin="1"/><net_sink comp="171" pin=0"/></net>

<net id="176"><net_src comp="48" pin="0"/><net_sink comp="171" pin=1"/></net>

<net id="181"><net_src comp="168" pin="1"/><net_sink comp="177" pin=0"/></net>

<net id="182"><net_src comp="54" pin="0"/><net_sink comp="177" pin=1"/></net>

<net id="186"><net_src comp="168" pin="1"/><net_sink comp="183" pin=0"/></net>

<net id="192"><net_src comp="56" pin="0"/><net_sink comp="187" pin=0"/></net>

<net id="193"><net_src comp="183" pin="1"/><net_sink comp="187" pin=1"/></net>

<net id="194"><net_src comp="58" pin="0"/><net_sink comp="187" pin=2"/></net>

<net id="198"><net_src comp="187" pin="3"/><net_sink comp="195" pin=0"/></net>

<net id="203"><net_src comp="195" pin="1"/><net_sink comp="199" pin=0"/></net>

<net id="204"><net_src comp="112" pin="2"/><net_sink comp="199" pin=1"/></net>

<net id="211"><net_src comp="60" pin="0"/><net_sink comp="205" pin=0"/></net>

<net id="212"><net_src comp="199" pin="2"/><net_sink comp="205" pin=1"/></net>

<net id="213"><net_src comp="62" pin="0"/><net_sink comp="205" pin=2"/></net>

<net id="214"><net_src comp="64" pin="0"/><net_sink comp="205" pin=3"/></net>

<net id="219"><net_src comp="177" pin="2"/><net_sink comp="215" pin=0"/></net>

<net id="223"><net_src comp="118" pin="6"/><net_sink comp="220" pin=0"/></net>

<net id="231"><net_src comp="0" pin="0"/><net_sink comp="227" pin=0"/></net>

<net id="232"><net_src comp="224" pin="1"/><net_sink comp="227" pin=1"/></net>

<net id="233"><net_src comp="227" pin="2"/><net_sink comp="132" pin=1"/></net>

<net id="238"><net_src comp="220" pin="1"/><net_sink comp="234" pin=0"/></net>

<net id="242"><net_src comp="239" pin="1"/><net_sink comp="139" pin=2"/></net>

<net id="249"><net_src comp="78" pin="0"/><net_sink comp="243" pin=0"/></net>

<net id="250"><net_src comp="80" pin="0"/><net_sink comp="243" pin=2"/></net>

<net id="251"><net_src comp="82" pin="0"/><net_sink comp="243" pin=3"/></net>

<net id="257"><net_src comp="90" pin="0"/><net_sink comp="252" pin=0"/></net>

<net id="258"><net_src comp="92" pin="0"/><net_sink comp="252" pin=1"/></net>

<net id="262"><net_src comp="252" pin="3"/><net_sink comp="259" pin=0"/></net>

<net id="263"><net_src comp="259" pin="1"/><net_sink comp="156" pin=2"/></net>

<net id="267"><net_src comp="96" pin="1"/><net_sink comp="264" pin=0"/></net>

<net id="268"><net_src comp="264" pin="1"/><net_sink comp="163" pin=1"/></net>

<net id="269"><net_src comp="264" pin="1"/><net_sink comp="168" pin=0"/></net>

<net id="270"><net_src comp="264" pin="1"/><net_sink comp="215" pin=1"/></net>

<net id="274"><net_src comp="100" pin="2"/><net_sink comp="271" pin=0"/></net>

<net id="275"><net_src comp="271" pin="1"/><net_sink comp="234" pin=1"/></net>

<net id="279"><net_src comp="106" pin="2"/><net_sink comp="276" pin=0"/></net>

<net id="283"><net_src comp="171" pin="2"/><net_sink comp="280" pin=0"/></net>

<net id="287"><net_src comp="183" pin="1"/><net_sink comp="284" pin=0"/></net>

<net id="288"><net_src comp="284" pin="1"/><net_sink comp="252" pin=2"/></net>

<net id="292"><net_src comp="205" pin="4"/><net_sink comp="289" pin=0"/></net>

<net id="293"><net_src comp="289" pin="1"/><net_sink comp="224" pin=0"/></net>

<net id="297"><net_src comp="220" pin="1"/><net_sink comp="294" pin=0"/></net>

<net id="298"><net_src comp="294" pin="1"/><net_sink comp="239" pin=0"/></net>

<net id="299"><net_src comp="294" pin="1"/><net_sink comp="243" pin=1"/></net>

<net id="303"><net_src comp="227" pin="2"/><net_sink comp="300" pin=0"/></net>

<net id="304"><net_src comp="300" pin="1"/><net_sink comp="139" pin=1"/></net>

<net id="305"><net_src comp="300" pin="1"/><net_sink comp="147" pin=1"/></net>

<net id="306"><net_src comp="300" pin="1"/><net_sink comp="132" pin=1"/></net>

<net id="310"><net_src comp="234" pin="2"/><net_sink comp="307" pin=0"/></net>

<net id="314"><net_src comp="243" pin="4"/><net_sink comp="311" pin=0"/></net>

<net id="315"><net_src comp="311" pin="1"/><net_sink comp="147" pin=2"/></net>

</net_list>

</model> 
---------------- Datapath Model END ------------------

* FSMD analyzer results:
  - Output states:
	Port: wr_1 | {2 3 4 5 6 7 8 9 }
	Port: golden_fifo_1 | {8 }
 - Input state : 
	Port: egress.1 : gmem | {1 }
	Port: egress.1 : egress_1_V_data_V | {2 }
	Port: egress.1 : egress_1_V_keep_V | {2 }
	Port: egress.1 : egress_1_V_strb_V | {2 }
	Port: egress.1 : egress_1_V_last_V | {2 }
	Port: egress.1 : egress_1_V_dest_V | {2 }
	Port: egress.1 : last | {1 }
	Port: egress.1 : target | {1 }
  - Chain level:
	State 1
		store_ln29 : 1
		i_3 : 1
		icmp_ln29 : 2
		add_ln29 : 2
		br_ln29 : 3
		trunc_ln293 : 2
		shl_ln : 3
		zext_ln293 : 4
		add_ln293 : 5
		trunc_ln : 6
		store_ln29 : 3
	State 2
		wr_1_addr : 1
		empty_34 : 2
		icmp_ln1072 : 1
		br_ln35 : 2
	State 3
		write_ln35 : 1
	State 4
	State 5
	State 6
	State 7
	State 8
		zext_ln173 : 1
		write_ln173 : 2
	State 9


============================================================
+ Verbose Summary: Datapath Resource usage 
============================================================

* Functional unit list:
|----------|--------------------------|---------|---------|
| Operation|      Functional Unit     |    FF   |   LUT   |
|----------|--------------------------|---------|---------|
|   icmp   |     icmp_ln29_fu_171     |    0    |    17   |
|          |    icmp_ln1072_fu_234    |    0    |   179   |
|----------|--------------------------|---------|---------|
|    add   |      add_ln29_fu_177     |    0    |    33   |
|          |     add_ln293_fu_199     |    0    |    71   |
|----------|--------------------------|---------|---------|
|          |  target_read_read_fu_100 |    0    |    0    |
|   read   |   last_read_read_fu_106  |    0    |    0    |
|          |   gmem_read_read_fu_112  |    0    |    0    |
|          |   empty_33_read_fu_118   |    0    |    0    |
|----------|--------------------------|---------|---------|
| writeresp|   grp_writeresp_fu_132   |    0    |    0    |
|----------|--------------------------|---------|---------|
|          |  write_ln35_write_fu_139 |    0    |    0    |
|   write  |  write_ln35_write_fu_147 |    0    |    0    |
|          | write_ln173_write_fu_156 |    0    |    0    |
|----------|--------------------------|---------|---------|
|   trunc  |    trunc_ln293_fu_183    |    0    |    0    |
|          |    trunc_ln674_fu_239    |    0    |    0    |
|----------|--------------------------|---------|---------|
|bitconcatenate|       shl_ln_fu_187      |    0    |    0    |
|          |       or_ln_fu_252       |    0    |    0    |
|----------|--------------------------|---------|---------|
|   zext   |     zext_ln293_fu_195    |    0    |    0    |
|          |     zext_ln173_fu_259    |    0    |    0    |
|----------|--------------------------|---------|---------|
|partselect|      trunc_ln_fu_205     |    0    |    0    |
|          |     p_Result_s_fu_243    |    0    |    0    |
|----------|--------------------------|---------|---------|
|extractvalue|     tmp_data_V_fu_220    |    0    |    0    |
|----------|--------------------------|---------|---------|
|   sext   |     sext_ln35_fu_224     |    0    |    0    |
|----------|--------------------------|---------|---------|
|   Total  |                          |    0    |   300   |
|----------|--------------------------|---------|---------|

Memories:
N/A

* Register list:
+-------------------+--------+
|                   |   FF   |
+-------------------+--------+
|     i_reg_264     |   26   |
|icmp_ln1072_reg_307|    1   |
| icmp_ln29_reg_280 |    1   |
| last_read_reg_276 |    1   |
| p_Result_s_reg_311|   256  |
|target_read_reg_271|   512  |
| tmp_data_V_reg_294|   512  |
|trunc_ln293_reg_284|   25   |
|  trunc_ln_reg_289 |   59   |
| wr_1_addr_reg_300 |   256  |
+-------------------+--------+
|       Total       |  1649  |
+-------------------+--------+

* Multiplexer (MUX) list: 
|----------------------|------|------|------|--------||---------||---------|
|         Comp         |  Pin | Size |  BW  | S x BW ||  Delay  ||   LUT   |
|----------------------|------|------|------|--------||---------||---------|
| grp_writeresp_fu_132 |  p0  |   2  |   1  |    2   |
| grp_writeresp_fu_132 |  p1  |   2  |  256 |   512  ||    9    |
|----------------------|------|------|------|--------||---------||---------|
|         Total        |      |      |      |   514  ||  0.774  ||    9    |
|----------------------|------|------|------|--------||---------||---------|



* Summary:
+-----------+--------+--------+--------+
|           |  Delay |   FF   |   LUT  |
+-----------+--------+--------+--------+
|  Function |    -   |    0   |   300  |
|   Memory  |    -   |    -   |    -   |
|Multiplexer|    0   |    -   |    9   |
|  Register |    -   |  1649  |    -   |
+-----------+--------+--------+--------+
|   Total   |    0   |  1649  |   309  |
+-----------+--------+--------+--------+
